INFO 2025-11-09 21:39:52,715 utils Signature recorded: RELEASE/ on paymentplan#3 by Test Calendar 
INFO 2025-11-09 21:40:32,170 utils Signature recorded: RELEASE/ on paymentplan#3 by Test Calendar 
INFO 2025-11-09 21:41:24,928 utils Signature recorded: RELEASE/ on paymentplan#3 by Test Calendar 
INFO 2025-11-09 21:42:03,655 utils Signature recorded: RELEASE/ on paymentplan#3 by Test Calendar 
INFO 2025-11-09 21:43:29,114 utils Signature recorded: RELEASE/ on paymentplan#3 by Test Calendar 
INFO 2025-11-09 21:45:35,213 utils Signature recorded: RELEASE/ on paymentplan#3 by Test Calendar 
INFO 2025-11-09 21:46:20,673 utils Signature recorded: RELEASE/ on paymentplan#1 by Test Calendar 
INFO 2025-11-09 21:51:16,100 utils Signature recorded: RELEASE/ on person#2 by Test Calendar 
INFO 2025-11-09 21:56:07,113 utils Signature recorded: RELEASE/ on person#2 by Test Calendar 
INFO 2025-11-09 21:57:32,512 utils Signature recorded: RELEASE/ on person#2 by Test Calendar 
INFO 2025-11-09 22:36:46,084 utils Signature recorded: RELEASE/ on person#2 by Test Calendar 
INFO 2025-11-09 22:37:29,713 utils Signature recorded: RELEASE/ on person#1 by Test Calendar 
INFO 2025-11-09 22:37:46,863 utils Signature recorded: RELEASE/ on person#2 by Test Calendar 
INFO 2025-11-09 22:38:11,117 utils Signature recorded: RELEASE/ on timesheet#2 by Test Calendar 
INFO 2025-11-09 22:42:20,978 utils Signature recorded: RELEASE/ on timesheet#2 by Test Calendar 
INFO 2025-11-09 22:43:17,796 utils Signature recorded: RELEASE/ on timesheet#2 by Test Calendar 
INFO 2025-11-09 22:44:17,238 utils Signature recorded: RELEASE/ on timesheet#2 by Test Calendar 
INFO 2025-11-09 22:46:18,890 utils Signature recorded: RELEASE/ on timesheet#2 by Test Calendar 
INFO 2025-11-09 22:48:58,173 utils Signature recorded: RELEASE/ on timesheet#2 by Test Calendar 
INFO 2025-11-09 22:49:48,514 utils Signature recorded: RELEASE/ on timesheet#2 by Test Calendar 
INFO 2025-11-09 22:51:13,783 utils Signature recorded: RELEASE/ on timesheet#2 by Test Calendar 
INFO 2025-11-09 22:52:21,037 utils Signature recorded: RELEASE/ on timesheet#2 by Test Calendar 
INFO 2025-11-09 23:11:25,477 utils Signature recorded: RELEASE/ on timesheet#2 by Test Calendar 
INFO 2025-11-09 23:16:09,025 utils Signature recorded: RELEASE/ on timesheet#2 by Test Calendar 
INFO 2025-11-09 23:17:04,552 utils Signature recorded: RELEASE/ on timesheet#2 by Test Calendar 
INFO 2025-11-09 23:23:37,619 utils Signature recorded: RELEASE/ on timesheet#2 by Test Calendar 
INFO 2025-11-10 21:48:15,851 utils Signature recorded: RELEASE/ on timesheet#2 by Test Calendar 
INFO 2025-11-10 21:48:45,096 utils Signature recorded: RELEASE/ on timesheet#2 by Test Calendar 
INFO 2025-11-10 21:50:46,539 utils Signature recorded: RELEASE/ on timesheet#2 by Test Calendar 
INFO 2025-11-10 21:53:34,526 utils Signature recorded: RELEASE/ on timesheet#2 by Test Calendar 
INFO 2025-11-10 21:54:27,173 utils Signature recorded: RELEASE/ on timesheet#2 by Test Calendar 
INFO 2025-11-10 21:56:31,965 utils Signature recorded: RELEASE/ on timesheet#2 by Test Calendar 
INFO 2025-11-10 22:00:43,524 utils Signature recorded: RELEASE/ on timesheet#2 by Test Calendar 
INFO 2025-11-10 22:02:09,938 utils Signature recorded: RELEASE/ on timesheet#2 by Test Calendar 
INFO 2025-11-10 22:07:21,115 utils Signature recorded: RELEASE/ on timesheet#2 by Test Calendar 
INFO 2025-11-10 22:10:07,032 utils Signature recorded: RELEASE/ on timesheet#2 by Test Calendar 
INFO 2025-11-10 22:19:13,398 utils Signature recorded: RELEASE/ on paymentplan#3 by Test Calendar 
INFO 2025-11-10 22:19:50,322 utils Signature recorded: RELEASE/ on paymentplan#3 by Test Calendar 
INFO 2025-11-10 22:23:19,866 utils Signature recorded: RELEASE/ on paymentplan#3 by Test Calendar 
INFO 2025-11-10 22:24:44,197 utils Signature recorded: RELEASE/ on paymentplan#3 by Test Calendar 
INFO 2025-11-10 22:25:13,937 utils Signature recorded: RELEASE/ on paymentplan#3 by Test Calendar 
INFO 2025-11-10 22:31:40,385 utils Signature recorded: RELEASE/ on paymentplan#3 by Test Calendar 
INFO 2025-11-10 22:32:17,260 utils Signature recorded: RELEASE/ on paymentplan#3 by Test Calendar 
INFO 2025-11-10 23:01:15,415 utils Signature recorded: RELEASE/ on person#1 by Test Calendar 
INFO 2025-11-10 23:03:03,882 utils Signature recorded: RELEASE/ on person#1 by Test Calendar 
INFO 2025-11-10 23:12:18,517 utils Signature recorded: RELEASE/ on person#1 by Test Calendar 
INFO 2025-11-12 21:59:11,900 utils Signature recorded: RELEASE/ on timesheet#1 by Test Calendar 
INFO 2025-12-08 19:30:35,471 utils 70740 86824 Signature recorded: APPROVE/WIREF on person#1 by Test User 
INFO 2025-12-08 19:30:37,895 utils 70740 86824 Signature recorded: SUBMIT/ on person#1 by Test User 
INFO 2025-12-08 19:30:38,382 utils 70740 86824 Signature recorded: VERIFY/ on person#1 by Test User 
INFO 2025-12-08 19:30:38,883 utils 70740 86824 Signature recorded: SUBMIT/ on person#1 by Test User 
INFO 2025-12-08 19:30:38,888 utils 70740 86824 Signature recorded: APPROVE/WIREF on person#1 by Test User 
INFO 2025-12-08 19:30:39,921 utils 70740 86824 Signature recorded: SUBMIT/ on person#1 by Test User 
INFO 2025-12-08 19:30:39,928 utils 70740 86824 Signature recorded: REJECT/ on person#1 by Test User 
INFO 2025-12-08 19:30:40,419 utils 70740 86824 Signature recorded: SUBMIT/ on person#1 by Test User 
INFO 2025-12-08 19:30:43,855 utils 70740 86824 Signature recorded: SUBMIT/ on person#1 by Test User 
INFO 2025-12-08 19:30:44,333 utils 70740 86824 Signature recorded: SUBMIT/ on person#1 by Test User 
INFO 2025-12-08 19:30:44,837 utils 70740 86824 Signature recorded: SUBMIT/ on person#1 by Test User 
INFO 2025-12-08 19:30:45,327 utils 70740 86824 Signature recorded: VERIFY/ on person#1 by Test User 
INFO 2025-12-08 19:30:45,830 utils 70740 86824 Signature recorded: SUBMIT/ on person#1 by Test User 
INFO 2025-12-08 19:30:46,311 utils 70740 86824 Signature recorded: VERIFY/ on person#1 by Test User 
INFO 2025-12-08 19:30:47,334 utils 70740 86824 Signature recorded: SUBMIT/ on person#1 by Test User 
INFO 2025-12-08 19:30:47,338 utils 70740 86824 Signature recorded: APPROVE/WIREF on person#1 by Test User 
INFO 2025-12-08 19:30:48,308 utils 70740 86824 Signature recorded: SUBMIT/ on person#1 by Test User 
INFO 2025-12-08 19:30:48,315 utils 70740 86824 Signature recorded: REJECT/ on person#1 by Test User 
INFO 2025-12-08 19:30:49,297 utils 70740 86824 Signature recorded: SUBMIT/ on person#1 by Test User 
INFO 2025-12-08 19:35:24,416 utils 88292 85176 Signature recorded: APPROVE/WIREF on person#1 by Test User 
INFO 2025-12-08 19:35:26,818 utils 88292 85176 Signature recorded: SUBMIT/ on person#1 by Test User 
INFO 2025-12-08 19:35:27,299 utils 88292 85176 Signature recorded: VERIFY/ on person#1 by Test User 
INFO 2025-12-08 19:35:27,805 utils 88292 85176 Signature recorded: SUBMIT/ on person#1 by Test User 
INFO 2025-12-08 19:35:27,811 utils 88292 85176 Signature recorded: APPROVE/WIREF on person#1 by Test User 
INFO 2025-12-08 19:35:28,853 utils 88292 85176 Signature recorded: SUBMIT/ on person#1 by Test User 
INFO 2025-12-08 19:35:28,860 utils 88292 85176 Signature recorded: REJECT/ on person#1 by Test User 
INFO 2025-12-08 19:35:29,338 utils 88292 85176 Signature recorded: SUBMIT/ on person#1 by Test User 
INFO 2025-12-08 19:35:32,811 utils 88292 85176 Signature recorded: SUBMIT/ on person#1 by Test User 
INFO 2025-12-08 19:35:33,341 utils 88292 85176 Signature recorded: SUBMIT/ on person#1 by Test User 
INFO 2025-12-08 19:35:33,842 utils 88292 85176 Signature recorded: SUBMIT/ on person#1 by Test User 
INFO 2025-12-08 19:35:34,313 utils 88292 85176 Signature recorded: VERIFY/ on person#1 by Test User 
INFO 2025-12-08 19:35:34,318 utils 88292 85176 Signature recorded: VERIFY/ on person#1 by Test User 
INFO 2025-12-08 19:35:34,805 utils 88292 85176 Signature recorded: SUBMIT/ on person#1 by Test User 
INFO 2025-12-08 19:35:35,297 utils 88292 85176 Signature recorded: VERIFY/ on person#1 by Test User 
INFO 2025-12-08 19:35:36,275 utils 88292 85176 Signature recorded: SUBMIT/ on person#1 by Test User 
INFO 2025-12-08 19:35:36,279 utils 88292 85176 Signature recorded: APPROVE/WIREF on person#1 by Test User 
INFO 2025-12-08 19:35:37,279 utils 88292 85176 Signature recorded: SUBMIT/ on person#1 by Test User 
INFO 2025-12-08 19:35:37,285 utils 88292 85176 Signature recorded: REJECT/ on person#1 by Test User 
INFO 2025-12-08 19:35:38,269 utils 88292 85176 Signature recorded: SUBMIT/ on person#1 by Test User 
